<?xml version="1.0" encoding="UTF-8"?>
<testsuite xmlns:xsi="http://www.w3.org/2001/XMLSchema-instance" xsi:noNamespaceSchemaLocation="https://maven.apache.org/surefire/maven-surefire-plugin/xsd/surefire-test-report-3.0.xsd" version="3.0" name="com.example.userservice.ActivityRepositoryTest" time="12.677" tests="1" errors="0" skipped="0" failures="0">
  <properties>
[...]
</properties>
  <testcase name="testLazyLoadingWithoutNPlusOneProblem" classname="com.example.userservice.ActivityRepositoryTest" time="0.297">
    <system-out><![CDATA[10:31:00.885 [main] INFO org.springframework.test.context.support.AnnotationConfigContextLoaderUtils -- Could not detect default configuration classes for test class [com.example.userservice.ActivityRepositoryTest]: ActivityRepositoryTest does not declare any static, non-private, non-final, nested classes annotated with @Configuration.
10:31:01.572 [main] INFO org.springframework.boot.test.context.SpringBootTestContextBootstrapper -- Found @SpringBootConfiguration com.example.App for test class com.example.userservice.ActivityRepositoryTest

  .   ____          _            __ _ _
 /\\ / ___'_ __ _ _(_)_ __  __ _ \ \ \ \
( ( )\___ | '_ | '_| | '_ \/ _` | \ \ \ \
 \\/  ___)| |_)| | | | | || (_| |  ) ) ) )
  '  |____| .__|_| |_|_| |_\__, | / / / /
 =========|_|==============|___/=/_/_/_/
 :: Spring Boot ::                (v3.1.2)

2025-06-13T10:31:04.620+02:00  INFO 9004 --- [           main] c.e.userservice.ActivityRepositoryTest   : Starting ActivityRepositoryTest using Java 17.0.4.1 with PID 9004 (started by Ilhana in C:\Users\User\volunteer-management-system\user-service\user-service)
2025-06-13T10:31:04.631+02:00  INFO 9004 --- [           main] c.e.userservice.ActivityRepositoryTest   : The following 1 profile is active: "test"
2025-06-13T10:31:04.688+02:00  INFO 9004 --- [           main] o.s.c.c.c.ConfigServerConfigDataLoader   : Fetching config from server at : http://localhost:8888
2025-06-13T10:31:04.688+02:00  INFO 9004 --- [           main] o.s.c.c.c.ConfigServerConfigDataLoader   : Exception on Url - http://localhost:8888:org.springframework.web.client.ResourceAccessException: I/O error on GET request for "http://localhost:8888/user-service/default": Connection refused: no further information. Will be trying the next url if available
2025-06-13T10:31:04.689+02:00  WARN 9004 --- [           main] o.s.c.c.c.ConfigServerConfigDataLoader   : Could not locate PropertySource ([ConfigServerConfigDataResource@6d8b7ea9 uris = array<String>['http://localhost:8888'], optional = true, profiles = 'default']): I/O error on GET request for "http://localhost:8888/user-service/default": Connection refused: no further information
2025-06-13T10:31:04.690+02:00  INFO 9004 --- [           main] o.s.c.c.c.ConfigServerConfigDataLoader   : Fetching config from server at : http://localhost:8888
2025-06-13T10:31:04.691+02:00  INFO 9004 --- [           main] o.s.c.c.c.ConfigServerConfigDataLoader   : Exception on Url - http://localhost:8888:org.springframework.web.client.ResourceAccessException: I/O error on GET request for "http://localhost:8888/user-service/test": Connection refused: no further information. Will be trying the next url if available
2025-06-13T10:31:04.691+02:00  WARN 9004 --- [           main] o.s.c.c.c.ConfigServerConfigDataLoader   : Could not locate PropertySource ([ConfigServerConfigDataResource@6fde6f05 uris = array<String>['http://localhost:8888'], optional = true, profiles = 'test']): I/O error on GET request for "http://localhost:8888/user-service/test": Connection refused: no further information
2025-06-13T10:31:04.691+02:00  INFO 9004 --- [           main] o.s.c.c.c.ConfigServerConfigDataLoader   : Fetching config from server at : http://localhost:8888
2025-06-13T10:31:04.691+02:00  INFO 9004 --- [           main] o.s.c.c.c.ConfigServerConfigDataLoader   : Exception on Url - http://localhost:8888:org.springframework.web.client.ResourceAccessException: I/O error on GET request for "http://localhost:8888/user-service/default": Connection refused: no further information. Will be trying the next url if available
2025-06-13T10:31:04.691+02:00  WARN 9004 --- [           main] o.s.c.c.c.ConfigServerConfigDataLoader   : Could not locate PropertySource ([ConfigServerConfigDataResource@7114e780 uris = array<String>['http://localhost:8888'], optional = true, profiles = 'default']): I/O error on GET request for "http://localhost:8888/user-service/default": Connection refused: no further information
2025-06-13T10:31:06.261+02:00  INFO 9004 --- [           main] .s.d.r.c.RepositoryConfigurationDelegate : Bootstrapping Spring Data JPA repositories in DEFAULT mode.
2025-06-13T10:31:06.919+02:00  INFO 9004 --- [           main] .s.d.r.c.RepositoryConfigurationDelegate : Finished Spring Data repository scanning in 630 ms. Found 7 JPA repository interfaces.
2025-06-13T10:31:07.047+02:00  INFO 9004 --- [           main] beddedDataSourceBeanFactoryPostProcessor : Replacing 'dataSource' DataSource bean with embedded version
2025-06-13T10:31:07.600+02:00  INFO 9004 --- [           main] o.s.j.d.e.EmbeddedDatabaseFactory        : Starting embedded database: url='jdbc:h2:mem:3346a19c-ac2e-4e6e-b6d2-42d6f50524a5;DB_CLOSE_DELAY=-1;DB_CLOSE_ON_EXIT=false', username='sa'
2025-06-13T10:31:08.230+02:00  INFO 9004 --- [           main] o.hibernate.jpa.internal.util.LogHelper  : HHH000204: Processing PersistenceUnitInfo [name: default]
2025-06-13T10:31:08.422+02:00  INFO 9004 --- [           main] org.hibernate.Version                    : HHH000412: Hibernate ORM core version 6.3.1.Final
2025-06-13T10:31:08.532+02:00  INFO 9004 --- [           main] o.h.c.internal.RegionFactoryInitiator    : HHH000026: Second-level cache disabled
2025-06-13T10:31:08.899+02:00  INFO 9004 --- [           main] o.s.o.j.p.SpringPersistenceUnitInfo      : No LoadTimeWeaver setup: ignoring JPA class transformer
2025-06-13T10:31:11.697+02:00  INFO 9004 --- [           main] o.h.e.t.j.p.i.JtaPlatformInitiator       : HHH000489: No JTA platform available (set 'hibernate.transaction.jta.platform' to enable JTA platform integration)
Hibernate: drop table if exists activity cascade 
Hibernate: drop table if exists permission cascade 
Hibernate: drop table if exists role cascade 
Hibernate: drop table if exists social_share cascade 
Hibernate: drop table if exists user_activity cascade 
Hibernate: drop table if exists user_permission cascade 
Hibernate: drop table if exists user_roles cascade 
Hibernate: drop table if exists users cascade 
Hibernate: drop table if exists volunteer_certificate cascade 
Hibernate: create table activity (activity_date timestamp(6) not null, activity_id bigint generated by default as identity, created_at timestamp(6), organizer_id bigint, updated_at timestamp(6), description varchar(500), activity_name varchar(255), primary key (activity_id))
Hibernate: create table permission (created_at timestamp(6), permission_id bigint generated by default as identity, updated_at timestamp(6), permission_name varchar(255), primary key (permission_id))
Hibernate: create table role (role_id bigint generated by default as identity, role_name varchar(20) not null unique, primary key (role_id))
Hibernate: create table social_share (activity_id bigint, created_at timestamp(6), share_id bigint generated by default as identity, shared_at timestamp(6), updated_at timestamp(6), user_id bigint, platform varchar(255), primary key (share_id))
Hibernate: create table user_activity (activity_id bigint not null, user_id bigint not null)
Hibernate: create table user_permission (id bigint generated by default as identity, permission_id bigint, user_id bigint, primary key (id))
Hibernate: create table user_roles (role_id bigint not null, user_id bigint not null, primary key (role_id, user_id))
Hibernate: create table users (created_at timestamp(6), updated_at timestamp(6), user_id bigint generated by default as identity, email varchar(255), first_name varchar(255), last_name varchar(255), password_hash varchar(255), profile_picture varchar(255), username varchar(255) not null unique, primary key (user_id))
Hibernate: create table volunteer_certificate (activity_id bigint, certificate_date timestamp(6) not null, certificate_id bigint generated by default as identity, created_at timestamp(6), issued_at timestamp(6), updated_at timestamp(6), user_id bigint, certificate_pdf_link varchar(255), primary key (certificate_id), unique (user_id, activity_id))
Hibernate: alter table if exists activity add constraint FK101jr9oln84ifvf44xyb9aql3 foreign key (organizer_id) references users
Hibernate: alter table if exists social_share add constraint FKavbhx34sfqd2cdkly4cq4v9me foreign key (activity_id) references activity
Hibernate: alter table if exists social_share add constraint FKiqiu1x72uo34e56m8socgw73c foreign key (user_id) references users
Hibernate: alter table if exists user_activity add constraint FKlw9o1xb2ki2hnwq1o3kk5dlja foreign key (activity_id) references activity
Hibernate: alter table if exists user_activity add constraint FKs41is1raa3f0y5q5g0pw2rfd4 foreign key (user_id) references users
Hibernate: alter table if exists user_permission add constraint FKbklmo9kchans5u3e4va0ouo1s foreign key (permission_id) references permission
Hibernate: alter table if exists user_permission add constraint FKn8ba4v3gvw1d82t3hofelr82t foreign key (user_id) references users
Hibernate: alter table if exists user_roles add constraint FKrhfovtciq1l558cw6udg0h0d3 foreign key (role_id) references role
Hibernate: alter table if exists user_roles add constraint FKhfh9dx7w3ubf1co1vdev94g3f foreign key (user_id) references users
Hibernate: alter table if exists volunteer_certificate add constraint FKol2pgefh8l75wjhbslh2adlky foreign key (activity_id) references activity
Hibernate: alter table if exists volunteer_certificate add constraint FK5ep4f6mg62fwyvf68ufn5j477 foreign key (user_id) references users
2025-06-13T10:31:11.849+02:00  INFO 9004 --- [           main] j.LocalContainerEntityManagerFactoryBean : Initialized JPA EntityManagerFactory for persistence unit 'default'
2025-06-13T10:31:13.035+02:00  INFO 9004 --- [           main] c.e.userservice.ActivityRepositoryTest   : Started ActivityRepositoryTest in 11.303 seconds (process running for 23.272)
Hibernate: select a1_0.activity_id,a1_0.activity_date,a1_0.activity_name,a1_0.created_at,a1_0.description,a1_0.organizer_id,a1_0.updated_at from activity a1_0
Executed queries: 0
]]></system-out>
  </testcase>
</testsuite>