<?xml version="1.0" encoding="UTF-8"?>
<testsuite xmlns:xsi="http://www.w3.org/2001/XMLSchema-instance" xsi:noNamespaceSchemaLocation="https://maven.apache.org/surefire/maven-surefire-plugin/xsd/surefire-test-report-3.0.xsd" version="3.0" name="com.example.activitymanagement.ActivityServiceTest" time="0.217" tests="9" errors="0" skipped="0" failures="0">
  <properties>
[...]
</properties>
  <testcase name="testCreateActivity" classname="com.example.activitymanagement.ActivityServiceTest" time="0.154"/>
  <testcase name="testGetActivityById_Found" classname="com.example.activitymanagement.ActivityServiceTest" time="0.004"/>
  <testcase name="testUpdateActivity_NotFound" classname="com.example.activitymanagement.ActivityServiceTest" time="0.003"/>
  <testcase name="testGetActivityById_NotFound" classname="com.example.activitymanagement.ActivityServiceTest" time="0.002"/>
  <testcase name="testUpdateActivity_Found" classname="com.example.activitymanagement.ActivityServiceTest" time="0.006"/>
  <testcase name="testDeleteActivity" classname="com.example.activitymanagement.ActivityServiceTest" time="0.008"/>
  <testcase name="testGetAllActivities" classname="com.example.activitymanagement.ActivityServiceTest" time="0.012"/>
  <testcase name="testDeleteActivity_NotFound" classname="com.example.activitymanagement.ActivityServiceTest" time="0.007"/>
  <testcase name="testCreateActivity_InvalidData" classname="com.example.activitymanagement.ActivityServiceTest" time="0.004"/>
</testsuite>